{
    "data":  {
                 "mbc":  [
                             {
                                 "id":  "C0029",
                                 "objective":  "Cryptography",
                                 "behavior":  "Cryptographic Hash",
                                 "refs":  [
                                              {
                                                  "ref":  "#signature_matches",
                                                  "value":  "0"
                                              }
                                          ]
                             },
                             {
                                 "id":  "C0049",
                                 "objective":  "File System",
                                 "behavior":  "Get File Attributes",
                                 "refs":  [
                                              {
                                                  "ref":  "#signature_matches",
                                                  "value":  "3"
                                              }
                                          ]
                             },
                             {
                                 "id":  "C0018",
                                 "objective":  "Process",
                                 "behavior":  "Terminate Process",
                                 "refs":  [
                                              {
                                                  "ref":  "#signature_matches",
                                                  "value":  "4"
                                              }
                                          ]
                             },
                             {
                                 "id":  "C0019",
                                 "objective":  "Data",
                                 "behavior":  "Check String",
                                 "refs":  [
                                              {
                                                  "ref":  "#signature_matches",
                                                  "value":  "5"
                                              }
                                          ]
                             },
                             {
                                 "id":  "E1082",
                                 "objective":  "Discovery",
                                 "behavior":  "System Information Discovery",
                                 "refs":  [
                                              {
                                                  "ref":  "#signature_matches",
                                                  "value":  "8"
                                              }
                                          ]
                             },
                             {
                                 "id":  "B0001.032",
                                 "objective":  "Anti-Behavioral Analysis",
                                 "behavior":  "Debugger Detection",
                                 "method":  "Timing/Delay Check GetTickCount",
                                 "refs":  [
                                              {
                                                  "ref":  "#signature_matches",
                                                  "value":  "10"
                                              }
                                          ]
                             },
                             {
                                 "id":  "E1083",
                                 "objective":  "Discovery",
                                 "behavior":  "File and Directory Discovery",
                                 "refs":  [
                                              {
                                                  "ref":  "#signature_matches",
                                                  "value":  "12"
                                              }
                                          ]
                             },
                             {
                                 "id":  "C0028.001",
                                 "objective":  "Cryptography",
                                 "behavior":  "Encryption Key",
                                 "method":  "Import Public Key",
                                 "refs":  [
                                              {
                                                  "ref":  "#signature_matches",
                                                  "value":  "13"
                                              }
                                          ]
                             },
                             {
                                 "id":  "E1082",
                                 "objective":  "Discovery",
                                 "behavior":  "System Information Discovery",
                                 "refs":  [
                                              {
                                                  "ref":  "#signature_matches",
                                                  "value":  "14"
                                              }
                                          ]
                             },
                             {
                                 "id":  "C0030.005",
                                 "objective":  "Data",
                                 "behavior":  "Non-Cryptographic Hash",
                                 "method":  "FNV",
                                 "refs":  [
                                              {
                                                  "ref":  "#signature_matches",
                                                  "value":  "15"
                                              }
                                          ]
                             },
                             {
                                 "id":  "C0038",
                                 "objective":  "Process",
                                 "behavior":  "Create Thread",
                                 "refs":  [
                                              {
                                                  "ref":  "#signature_matches",
                                                  "value":  "16"
                                              }
                                          ]
                             },
                             {
                                 "id":  "C0036.006",
                                 "objective":  "Operating System",
                                 "behavior":  "Registry",
                                 "method":  "Query Registry Value",
                                 "refs":  [
                                              {
                                                  "ref":  "#signature_matches",
                                                  "value":  "18"
                                              }
                                          ]
                             },
                             {
                                 "id":  "C0051",
                                 "objective":  "File System",
                                 "behavior":  "Read File",
                                 "refs":  [
                                              {
                                                  "ref":  "#signature_matches",
                                                  "value":  "20"
                                              }
                                          ]
                             },
                             {
                                 "id":  "C0003.002",
                                 "objective":  "Communication",
                                 "behavior":  "Interprocess Communication",
                                 "method":  "Connect Pipe",
                                 "refs":  [
                                              {
                                                  "ref":  "#signature_matches",
                                                  "value":  "23"
                                              }
                                          ]
                             },
                             {
                                 "id":  "C0032.001",
                                 "objective":  "Data",
                                 "behavior":  "Checksum",
                                 "method":  "CRC32",
                                 "refs":  [
                                              {
                                                  "ref":  "#signature_matches",
                                                  "value":  "24"
                                              }
                                          ]
                             },
                             {
                                 "id":  "C0052",
                                 "objective":  "File System",
                                 "behavior":  "Writes File",
                                 "refs":  [
                                              {
                                                  "ref":  "#signature_matches",
                                                  "value":  "26"
                                              }
                                          ]
                             },
                             {
                                 "id":  "E1083",
                                 "objective":  "Discovery",
                                 "behavior":  "File and Directory Discovery",
                                 "refs":  [
                                              {
                                                  "ref":  "#signature_matches",
                                                  "value":  "27"
                                              }
                                          ]
                             },
                             {
                                 "id":  "C0028",
                                 "objective":  "Cryptography",
                                 "behavior":  "Encryption Key",
                                 "refs":  [
                                              {
                                                  "ref":  "#signature_matches",
                                                  "value":  "28"
                                              }
                                          ]
                             },
                             {
                                 "id":  "C0003.001",
                                 "objective":  "Communication",
                                 "behavior":  "Interprocess Communication",
                                 "method":  "Create Pipe",
                                 "refs":  [
                                              {
                                                  "ref":  "#signature_matches",
                                                  "value":  "29"
                                              }
                                          ]
                             },
                             {
                                 "id":  "E1083",
                                 "objective":  "Discovery",
                                 "behavior":  "File and Directory Discovery",
                                 "refs":  [
                                              {
                                                  "ref":  "#signature_matches",
                                                  "value":  "32"
                                              }
                                          ]
                             },
                             {
                                 "id":  "E1027.m02",
                                 "objective":  "Defense Evasion",
                                 "behavior":  "Obfuscated Files or Information",
                                 "method":  "Encoding-Standard Algorithm",
                                 "refs":  [
                                              {
                                                  "ref":  "#signature_matches",
                                                  "value":  "33"
                                              }
                                          ]
                             },
                             {
                                 "id":  "C0026.002",
                                 "objective":  "Data",
                                 "behavior":  "Encode Data",
                                 "method":  "XOR",
                                 "refs":  [
                                              {
                                                  "ref":  "#signature_matches",
                                                  "value":  "33"
                                              }
                                          ]
                             },
                             {
                                 "id":  "E1083",
                                 "objective":  "Discovery",
                                 "behavior":  "File and Directory Discovery",
                                 "refs":  [
                                              {
                                                  "ref":  "#signature_matches",
                                                  "value":  "34"
                                              }
                                          ]
                             },
                             {
                                 "id":  "C0042",
                                 "objective":  "Process",
                                 "behavior":  "Create Mutex",
                                 "refs":  [
                                              {
                                                  "ref":  "#signature_matches",
                                                  "value":  "37"
                                              }
                                          ]
                             },
                             {
                                 "id":  "C0036.005",
                                 "objective":  "Operating System",
                                 "behavior":  "Registry",
                                 "method":  "Query Registry Key",
                                 "refs":  [
                                              {
                                                  "ref":  "#signature_matches",
                                                  "value":  "38"
                                              }
                                          ]
                             },
                             {
                                 "id":  "C0024",
                                 "objective":  "Data",
                                 "behavior":  "Compress Data",
                                 "refs":  [
                                              {
                                                  "ref":  "#signature_matches",
                                                  "value":  "39"
                                              }
                                          ]
                             },
                             {
                                 "id":  "C0017",
                                 "objective":  "Process",
                                 "behavior":  "Create Process",
                                 "refs":  [
                                              {
                                                  "ref":  "#signature_matches",
                                                  "value":  "40"
                                              }
                                          ]
                             },
                             {
                                 "id":  "C0032.005",
                                 "objective":  "Data",
                                 "behavior":  "Checksum",
                                 "method":  "Adler",
                                 "refs":  [
                                              {
                                                  "ref":  "#signature_matches",
                                                  "value":  "42"
                                              }
                                          ]
                             },
                             {
                                 "id":  "C0036.001",
                                 "objective":  "Operating System",
                                 "behavior":  "Registry",
                                 "method":  "Set Registry Key",
                                 "refs":  [
                                              {
                                                  "ref":  "#signature_matches",
                                                  "value":  "44"
                                              }
                                          ]
                             },
                             {
                                 "id":  "E1082",
                                 "objective":  "Discovery",
                                 "behavior":  "System Information Discovery",
                                 "refs":  [
                                              {
                                                  "ref":  "#signature_matches",
                                                  "value":  "45"
                                              }
                                          ]
                             },
                             {
                                 "id":  "OC0006"
                             },
                             {
                                 "id":  "C0002"
                             },
                             {
                                 "id":  "C0005.001"
                             },
                             {
                                 "id":  "OB0001"
                             },
                             {
                                 "id":  "B0009"
                             },
                             {
                                 "id":  "B0009.005"
                             },
                             {
                                 "id":  "OB0007"
                             },
                             {
                                 "id":  "E1082"
                             },
                             {
                                 "id":  "OC0008"
                             },
                             {
                                 "id":  "C0036"
                             },
                             {
                                 "id":  "C0036.005"
                             }
                         ],
                 "modules_loaded":  [
                                        "NTDLL.DLL"
                                    ],
                 "sigma_analysis_results":  [
                                                {
                                                    "match_context":  [
                                                                          {
                                                                              "values":  {
                                                                                             "RuleName":  "-",
                                                                                             "CreationUtcTime":  "1699498490",
                                                                                             "UtcTime":  "1699498490",
                                                                                             "EventID":  "11",
                                                                                             "ProcessGuid":  "{C784477D-49FA-654C-2A06-000000004A00}",
                                                                                             "ProcessId":  "7944",
                                                                                             "Image":  "C:\\Windows\\system32\\WerFault.exe",
                                                                                             "TargetFilename":  "C:\\ProgramData\\Microsoft\\Windows\\WER\\Temp\\WERD05.tmp.dmp"
                                                                                         }
                                                                          },
                                                                          {
                                                                              "values":  {
                                                                                             "RuleName":  "-",
                                                                                             "CreationUtcTime":  "1699498490",
                                                                                             "UtcTime":  "1699498490",
                                                                                             "EventID":  "11",
                                                                                             "ProcessGuid":  "{C784477D-49FA-654C-2B06-000000004A00}",
                                                                                             "ProcessId":  "7952",
                                                                                             "Image":  "C:\\Windows\\system32\\WerFault.exe",
                                                                                             "TargetFilename":  "C:\\ProgramData\\Microsoft\\Windows\\WER\\Temp\\WERD06.tmp.dmp"
                                                                                         }
                                                                          },
                                                                          {
                                                                              "values":  {
                                                                                             "RuleName":  "-",
                                                                                             "CreationUtcTime":  "1699498494",
                                                                                             "UtcTime":  "1699498494",
                                                                                             "EventID":  "11",
                                                                                             "ProcessGuid":  "{C784477D-49FD-654C-2F06-000000004A00}",
                                                                                             "ProcessId":  "8100",
                                                                                             "Image":  "C:\\Windows\\system32\\WerFault.exe",
                                                                                             "TargetFilename":  "C:\\ProgramData\\Microsoft\\Windows\\WER\\Temp\\WER193A.tmp.dmp"
                                                                                         }
                                                                          },
                                                                          {
                                                                              "values":  {
                                                                                             "RuleName":  "-",
                                                                                             "CreationUtcTime":  "1699498497",
                                                                                             "UtcTime":  "1699498497",
                                                                                             "EventID":  "11",
                                                                                             "ProcessGuid":  "{C784477D-4A00-654C-3406-000000004A00}",
                                                                                             "ProcessId":  "7340",
                                                                                             "Image":  "C:\\Windows\\system32\\WerFault.exe",
                                                                                             "TargetFilename":  "C:\\ProgramData\\Microsoft\\Windows\\WER\\Temp\\WER2511.tmp.dmp"
                                                                                         }
                                                                          },
                                                                          {
                                                                              "values":  {
                                                                                             "RuleName":  "-",
                                                                                             "CreationUtcTime":  "1699498500",
                                                                                             "UtcTime":  "1699498500",
                                                                                             "EventID":  "11",
                                                                                             "ProcessGuid":  "{C784477D-4A04-654C-4206-000000004A00}",
                                                                                             "ProcessId":  "7528",
                                                                                             "Image":  "C:\\Windows\\system32\\WerFault.exe",
                                                                                             "TargetFilename":  "C:\\ProgramData\\Microsoft\\Windows\\WER\\Temp\\WER31D3.tmp.dmp"
                                                                                         }
                                                                          },
                                                                          {
                                                                              "values":  {
                                                                                             "RuleName":  "-",
                                                                                             "CreationUtcTime":  "1699498500",
                                                                                             "UtcTime":  "1699498500",
                                                                                             "EventID":  "11",
                                                                                             "ProcessGuid":  "{C784477D-4A04-654C-4006-000000004A00}",
                                                                                             "ProcessId":  "1360",
                                                                                             "Image":  "C:\\Windows\\system32\\WerFault.exe",
                                                                                             "TargetFilename":  "C:\\ProgramData\\Microsoft\\Windows\\WER\\Temp\\WER31E2.tmp.dmp"
                                                                                         }
                                                                          },
                                                                          {
                                                                              "values":  {
                                                                                             "RuleName":  "-",
                                                                                             "CreationUtcTime":  "1699498500",
                                                                                             "UtcTime":  "1699498500",
                                                                                             "EventID":  "11",
                                                                                             "ProcessGuid":  "{C784477D-4A04-654C-4606-000000004A00}",
                                                                                             "ProcessId":  "8008",
                                                                                             "Image":  "C:\\Windows\\system32\\WerFault.exe",
                                                                                             "TargetFilename":  "C:\\ProgramData\\Microsoft\\Windows\\WER\\Temp\\WER32CD.tmp.dmp"
                                                                                         }
                                                                          },
                                                                          {
                                                                              "values":  {
                                                                                             "RuleName":  "-",
                                                                                             "CreationUtcTime":  "1699498500",
                                                                                             "UtcTime":  "1699498500",
                                                                                             "EventID":  "11",
                                                                                             "ProcessGuid":  "{C784477D-4A04-654C-4D06-000000004A00}",
                                                                                             "ProcessId":  "7728",
                                                                                             "Image":  "C:\\Windows\\system32\\WerFault.exe",
                                                                                             "TargetFilename":  "C:\\ProgramData\\Microsoft\\Windows\\WER\\Temp\\WER3405.tmp.dmp"
                                                                                         }
                                                                          },
                                                                          {
                                                                              "values":  {
                                                                                             "RuleName":  "-",
                                                                                             "CreationUtcTime":  "1699498585",
                                                                                             "UtcTime":  "1699498585",
                                                                                             "EventID":  "11",
                                                                                             "ProcessGuid":  "{C784477D-4A59-654C-7F06-000000004A00}",
                                                                                             "ProcessId":  "1556",
                                                                                             "Image":  "C:\\Windows\\system32\\WerFault.exe",
                                                                                             "TargetFilename":  "C:\\ProgramData\\Microsoft\\Windows\\WER\\Temp\\WER2E41.tmp.dmp"
                                                                                         }
                                                                          },
                                                                          {
                                                                              "values":  {
                                                                                             "RuleName":  "-",
                                                                                             "CreationUtcTime":  "1699498585",
                                                                                             "UtcTime":  "1699498585",
                                                                                             "EventID":  "11",
                                                                                             "ProcessGuid":  "{C784477D-4A59-654C-8006-000000004A00}",
                                                                                             "ProcessId":  "6132",
                                                                                             "Image":  "C:\\Windows\\system32\\WerFault.exe",
                                                                                             "TargetFilename":  "C:\\ProgramData\\Microsoft\\Windows\\WER\\Temp\\WER2ECE.tmp.dmp"
                                                                                         }
                                                                          },
                                                                          {
                                                                              "values":  {
                                                                                             "RuleName":  "-",
                                                                                             "CreationUtcTime":  "1699498585",
                                                                                             "UtcTime":  "1699498585",
                                                                                             "EventID":  "11",
                                                                                             "ProcessGuid":  "{C784477D-4A59-654C-7E06-000000004A00}",
                                                                                             "ProcessId":  "976",
                                                                                             "Image":  "C:\\Windows\\system32\\WerFault.exe",
                                                                                             "TargetFilename":  "C:\\ProgramData\\Microsoft\\Windows\\WER\\Temp\\WER2F2C.tmp.dmp"
                                                                                         }
                                                                          },
