{
    "data":  {
                 "id":  "bf414ae675b8d0bd9637205d71df9716f014a4a81e59d6727f4747879a1b8cf4",
                 "type":  "file",
                 "links":  {
                               "self":  "https://www.virustotal.com/api/v3/files/bf414ae675b8d0bd9637205d71df9716f014a4a81e59d6727f4747879a1b8cf4"
                           },
                 "attributes":  {
                                    "tags":  [
                                                 "detect-debug-environment",
                                                 "overlay",
                                                 "checks-user-input",
                                                 "pedll",
                                                 "signed",
                                                 "legit",
                                                 "known-distributor"
                                             ],
                                    "meaningful_name":  "mpclient.dll",
                                    "authentihash":  "074ff832969cb069e9f59abd1c380c81e9ecd587a058b3b8a36fcd6d68565114",
                                    "first_submission_date":  1699495371,
                                    "signature_info":  {
                                                           "product":  "Microsoft® Windows® Operating System",
                                                           "verified":  "Signed",
                                                           "description":  "Client Interface",
                                                           "file version":  "4.18.23110.3 (9ebb3643d539a6fc4659898b1df3124d5da4c0a9)",
                                                           "signing date":  "11:46 PM 11/06/2023",
                                                           "x509":  [
                                                                        {
                                                                            "valid usage":  "0.4.1.311.10.3, Code Signing",
                                                                            "thumbprint_sha256":  "2724AEB0C497BF5FD732958120D1AE3341CFD252AB1680DE03D10503ABC666C1",
                                                                            "name":  "Microsoft Windows",
                                                                            "algorithm":  "sha256RSA",
                                                                            "thumbprint_md5":  "2031DA039AA9D5538864F72D52C08AD7",
                                                                            "valid from":  "2023-02-03 00:05:42",
                                                                            "valid to":  "2024-02-01 00:05:42",
                                                                            "serial number":  "33 00 00 04 15 82 95 A1 A3 D8 2E 28 57 00 00 00 00 04 15",
                                                                            "cert issuer":  "Microsoft Windows Production PCA 2011",
                                                                            "thumbprint":  "8870483E0E833965A53F422494F1614F79286851"
                                                                        },
                                                                        {
                                                                            "thumbprint_sha256":  "E8E95F0733A55E8BAD7BE0A1413EE23C51FCEA64B3C8FA6A786935FDDCC71961",
                                                                            "name":  "Microsoft Windows Production PCA 2011",
                                                                            "algorithm":  "sha256RSA",
                                                                            "thumbprint_md5":  "AF749A216C00C7D25C249FCA0D7FD471",
                                                                            "valid from":  "2011-10-19 18:41:42",
                                                                            "valid to":  "2026-10-19 18:51:42",
                                                                            "serial number":  "61 07 76 56 00 00 00 00 00 08",
                                                                            "cert issuer":  "Microsoft Root Certificate Authority 2010",
                                                                            "thumbprint":  "580A6F4CC4E4B669B9EBDC1B2B3E087B80D0678D"
                                                                        },
                                                                        {
                                                                            "valid usage":  "ff",
                                                                            "thumbprint_sha256":  "B3E9B0BA9E352E0DB985C4D9526532EBD0796540F34643161A4E3E34B384F6BF",
                                                                            "name":  "Microsoft Time-Stamp Service",
                                                                            "algorithm":  "sha256RSA",
                                                                            "thumbprint_md5":  "6D877EB10CA600129A263652F2007079",
                                                                            "valid from":  "2023-05-25 19:12:11",
                                                                            "valid to":  "2024-02-01 19:12:11",
                                                                            "serial number":  "33 00 00 01 CF 52 36 BE 71 4B CD 48 CA 00 01 00 00 01 CF",
                                                                            "cert issuer":  "Microsoft Time-Stamp PCA 2010",
                                                                            "thumbprint":  "EAF31CD55F02E0B9AB80423D6BAC9E3F4F210C9B"
                                                                        },
                                                                        {
                                                                            "valid usage":  "Timestamp Signing",
                                                                            "thumbprint_sha256":  "EBEC1EDD9E140D9C105CC62B15A915C5443DDC514A35E5773C09AFB0274C7BA5",
                                                                            "name":  "Microsoft Time-Stamp PCA 2010",
                                                                            "algorithm":  "sha256RSA",
                                                                            "thumbprint_md5":  "F8000EF37A54CE55A45F632293786351",
                                                                            "valid from":  "2021-09-30 18:22:25",
                                                                            "valid to":  "2030-09-30 18:32:25",
                                                                            "serial number":  "33 00 00 00 15 C5 E7 6B 9E 02 9B 49 99 00 00 00 00 00 15",
                                                                            "cert issuer":  "Microsoft Root Certificate Authority 2010",
                                                                            "thumbprint":  "36056A5662DCADECF82CC14C8B80EC5E0BCC59A6"
                                                                        }
                                                                    ],
                                                           "original name":  "mpclient.dll",
                                                           "signers":  "Microsoft Windows; Microsoft Windows Production PCA 2011; Microsoft Root Certificate Authority 2010",
                                                           "counter signers details":  [
                                                                                           {
                                                                                               "status":  "This certificate or one of the certificates in the certificate chain is not time valid.",
                                                                                               "valid usage":  "Timestamp Signing",
                                                                                               "name":  "Microsoft Time-Stamp Service",
                                                                                               "algorithm":  "sha256RSA",
                                                                                               "valid from":  "07:12 PM 05/25/2023",
                                                                                               "valid to":  "07:12 PM 02/01/2024",
                                                                                               "serial number":  "33 00 00 01 CF 52 36 BE 71 4B CD 48 CA 00 01 00 00 01 CF",
                                                                                               "cert issuer":  "Microsoft Time-Stamp PCA 2010",
                                                                                               "thumbprint":  "EAF31CD55F02E0B9AB80423D6BAC9E3F4F210C9B"
                                                                                           },
                                                                                           {
                                                                                               "status":  "Valid",
                                                                                               "valid usage":  "Timestamp Signing",
                                                                                               "name":  "Microsoft Time-Stamp PCA 2010",
                                                                                               "algorithm":  "sha256RSA",
                                                                                               "valid from":  "06:22 PM 09/30/2021",
                                                                                               "valid to":  "06:32 PM 09/30/2030",
                                                                                               "serial number":  "33 00 00 00 15 C5 E7 6B 9E 02 9B 49 99 00 00 00 00 00 15",
                                                                                               "cert issuer":  "Microsoft Root Certificate Authority 2010",
                                                                                               "thumbprint":  "36056A5662DCADECF82CC14C8B80EC5E0BCC59A6"
                                                                                           },
                                                                                           {
                                                                                               "status":  "Valid",
                                                                                               "valid usage":  "All",
                                                                                               "name":  "Microsoft Root Certificate Authority 2010",
                                                                                               "algorithm":  "sha256RSA",
                                                                                               "valid from":  "09:57 PM 06/23/2010",
                                                                                               "valid to":  "10:04 PM 06/23/2035",
                                                                                               "serial number":  "28 CC 3A 25 BF BA 44 AC 44 9A 9B 58 6B 43 39 AA",
                                                                                               "cert issuer":  "Microsoft Root Certificate Authority 2010",
                                                                                               "thumbprint":  "3B1EFD3A66EA28B16697394703A72CA340A05BD5"
                                                                                           }
                                                                                       ],
                                                           "counter signers":  "Microsoft Time-Stamp Service; Microsoft Time-Stamp PCA 2010; Microsoft Root Certificate Authority 2010",
                                                           "copyright":  "© Microsoft Corporation. All rights reserved.",
                                                           "signers details":  [
                                                                                   {
                                                                                       "status":  "This certificate or one of the certificates in the certificate chain is not time valid.",
                                                                                       "valid usage":  "NT5 Crypto, Code Signing",
                                                                                       "name":  "Microsoft Windows",
                                                                                       "algorithm":  "sha256RSA",
                                                                                       "valid from":  "12:05 AM 02/03/2023",
                                                                                       "valid to":  "12:05 AM 02/01/2024",
                                                                                       "serial number":  "33 00 00 04 15 82 95 A1 A3 D8 2E 28 57 00 00 00 00 04 15",
                                                                                       "cert issuer":  "Microsoft Windows Production PCA 2011",
                                                                                       "thumbprint":  "8870483E0E833965A53F422494F1614F79286851"
                                                                                   },
                                                                                   {
                                                                                       "status":  "Valid",
                                                                                       "valid usage":  "All",
                                                                                       "name":  "Microsoft Windows Production PCA 2011",
                                                                                       "algorithm":  "sha256RSA",
                                                                                       "valid from":  "06:41 PM 10/19/2011",
                                                                                       "valid to":  "06:51 PM 10/19/2026",
                                                                                       "serial number":  "61 07 76 56 00 00 00 00 00 08",
                                                                                       "cert issuer":  "Microsoft Root Certificate Authority 2010",
                                                                                       "thumbprint":  "580A6F4CC4E4B669B9EBDC1B2B3E087B80D0678D"
                                                                                   },
                                                                                   {
                                                                                       "status":  "Valid",
                                                                                       "valid usage":  "All",
                                                                                       "name":  "Microsoft Root Certificate Authority 2010",
                                                                                       "algorithm":  "sha256RSA",
                                                                                       "valid from":  "09:57 PM 06/23/2010",
                                                                                       "valid to":  "10:04 PM 06/23/2035",
                                                                                       "serial number":  "28 CC 3A 25 BF BA 44 AC 44 9A 9B 58 6B 43 39 AA",
                                                                                       "cert issuer":  "Microsoft Root Certificate Authority 2010",
                                                                                       "thumbprint":  "3B1EFD3A66EA28B16697394703A72CA340A05BD5"
                                                                                   }
                                                                               ],
                                                           "pkcs7":  {
                                                                         "opusinfo":  [
                                                                                          {
                                                                                              "moreInfo":  "http://www.microsoft.com",
                                                                                              "programName":  "Microsoft"
                                                                                          }
                                                                                      ]
                                                                     },
                                                           "internal name":  "mpclient"
                                                       },
                                    "unique_sources":  59,
                                    "last_submission_date":  1772787076,
                                    "known_distributors":  {
                                                               "distributors":  [
                                                                                    "Microsoft"
                                                                                ],
                                                               "filenames":  [
                                                                                 "MpClient_10.dll",
                                                                                 "MpClient_4.dll",
                                                                                 "MpClient.dll",
                                                                                 "MpClient_0985605e-e162-4c5b-94dd-c2d20e302452.dll",
                                                                                 "MpClient_a032833a-3964-4b0b-9cc7-93735437a5e1.dll",
                                                                                 "MpClient_36665d08-1aeb-446d-ae4c-70af6dd5bb13.dll",
                                                                                 "MpClient_18.dll",
                                                                                 "MpClient_4e50eed4-cc69-4b46-a639-4b914bbfba70.dll",
                                                                                 "MpClient_c99d14df-d121-495c-90f3-7e7df135e961.dll",
                                                                                 "MpClient_c0c13145-3514-4dfe-9e9f-291278dc992b.dll"
                                                                             ],
                                                               "products":  [
                                                                                "Windows 11 (consumer editions)",
                                                                                "windows-sql-cloud-sql-2022-web-windows-2019-dc-v20240214",
                                                                                "windows-sql-cloud-sql-2017-web-windows-2016-dc-v20240214",
                                                                                "windows-sql-cloud-sql-2017-standard-windows-2016-dc-v20240214",
                                                                                "windows-sql-cloud-sql-2019-enterprise-windows-2022-dc-v20240214",
                                                                                "Windows 11 (business editions), 64 bit",
                                                                                "windows-sql-cloud-sql-2017-web-windows-2019-dc-v20240214",
                                                                                "windows-sql-cloud-sql-2017-standard-windows-2019-dc-v20240214",
                                                                                "windows-sql-cloud-sql-2014-enterprise-windows-2016-dc-v20240214",
                                                                                "windows-sql-cloud-sql-2017-express-windows-2019-dc-v20240214",
                                                                                "windows-sql-cloud-sql-2016-enterprise-windows-2019-dc-v20240214",
                                                                                "Windows 11 (business editions)",
                                                                                "windows-sql-cloud-sql-2019-standard-windows-2022-dc-v20240214",
                                                                                "windows-sql-cloud-sql-2017-standard-windows-2022-dc-v20240214",
                                                                                "windows-sql-cloud-sql-2017-web-windows-2022-dc-v20240214",
                                                                                "windows-sql-cloud-sql-2022-enterprise-windows-2019-dc-v20240214",
                                                                                "windows-sql-cloud-sql-2019-web-windows-2022-dc-v20240214",
                                                                                "windows-sql-cloud-sql-2019-enterprise-windows-2019-dc-v20240214",
                                                                                "Windows 11 (consumer editions), ARM64",
                                                                                "Windows Server 2025 Preview",
                                                                                "windows-sql-cloud-sql-2022-enterprise-windows-2022-dc-v20240214",
                                                                                "windows-sql-cloud-sql-2019-standard-windows-2019-dc-v20240214",
                                                                                "windows-sql-cloud-sql-2016-standard-windows-2016-dc-v20240214",
                                                                                "Windows 11 (consumer editions), version 25H2 64 bit",
                                                                                "windows-sql-cloud-sql-2017-express-windows-2016-dc-v20240214",
                                                                                "windows-sql-cloud-sql-2022-standard-windows-2022-dc-v20240214",
                                                                                "Windows 11 (consumer editions) Dec 2025",
                                                                                "windows-sql-cloud-sql-2022-standard-windows-2019-dc-v20240214",
                                                                                "windows-sql-cloud-sql-2016-standard-windows-2019-dc-v20240214",
                                                                                "windows-sql-cloud-sql-2016-enterprise-windows-2016-dc-v20240214",
                                                                                "windows-sql-cloud-sql-2016-web-windows-2019-dc-v20240214",
                                                                                "windows-sql-cloud-sql-2016-web-windows-2016-dc-v20240214",
                                                                                "windows-sql-cloud-sql-2019-web-windows-2019-dc-v20240214",
                                                                                "windows-sql-cloud-sql-2017-enterprise-windows-2016-dc-v20240214",
                                                                                "windows-sql-cloud-sql-2022-web-windows-2022-dc-v20240214",
                                                                                "windows-sql-cloud-sql-2017-enterprise-windows-2019-dc-v20240214",
                                                                                "windows-sql-cloud-sql-2017-enterprise-windows-2022-dc-v20240214"
                                                                            ],
                                                               "data_sources":  [
                                                                                    "Microsoft Corporation",
                                                                                    "HashDB",
                                                                                    "National Software Reference Library (NSRL)"
                                                                                ]
                                                           },
                                    "type_tags":  [
                                                      "executable",
                                                      "windows",
                                                      "win32",
                                                      "pe",
                                                      "pedll"
                                                  ],
                                    "sigma_analysis_summary":  {
                                                                   "Sigma Integrated Rule Set (GitHub)":  {
                                                                                                              "high":  0,
                                                                                                              "medium":  0,
                                                                                                              "critical":  0,
                                                                                                              "low":  1
                                                                                                          }
                                                               },
                                    "last_modification_date":  1772787076,
                                    "sandbox_verdicts":  {
                                                             "Zenbox":  {
                                                                            "category":  "harmless",
                                                                            "confidence":  96,
                                                                            "sandbox_name":  "Zenbox",
                                                                            "malware_classification":  [
                                                                                                           "CLEAN"
                                                                                                       ]
                                                                        },
                                                             "C2AE":  {
                                                                          "category":  "undetected",
                                                                          "sandbox_name":  "C2AE",
                                                                          "malware_classification":  [
                                                                                                         "UNKNOWN_VERDICT"
                                                                                                     ]
                                                                      }
                                                         },
                                    "md5":  "3f38bcc75b16ba4b5de93070bf0d435f",
                                    "magika":  "PEBIN",
                                    "sha1":  "4f9f58cbd7e2ecd00dcf76a6cdcc0eb9113c1cb0",
                                    "sigma_analysis_results":  [
                                                                   {
                                                                       "match_context":  [
                                                                                             {
                                                                                                 "values":  "@{EventID=11; ProcessId=7412; Image=C:\\Windows\\SysWOW64\\WerFault.exe; RuleName=-; CreationUtcTime=1699495444; UtcTime=1699495444; ProcessGuid={C784477D-3E13-654C-3806-000000004800}; TargetFilename=C:\\ProgramData\\Microsoft\\Windows\\WER\\Temp\\WER62E2.tmp.dmp}"
                                                                                             },
                                                                                             {
                                                                                                 "values":  "@{EventID=11; ProcessId=6364; TargetFilename=C:\\ProgramData\\Microsoft\\Windows\\WER\\Temp\\WER7996.tmp.dmp; ProcessGuid={C784477D-3E1A-654C-4706-000000004800}; CreationUtcTime=1699495450; UtcTime=1699495450; RuleName=-; Image=C:\\Windows\\SysWOW64\\WerFault.exe}"
                                                                                             },
                                                                                             {
                                                                                                 "values":  "@{EventID=11; ProcessId=7852; TargetFilename=C:\\ProgramData\\Microsoft\\Windows\\WER\\Temp\\WER7D21.tmp.dmp; RuleName=-; CreationUtcTime=1699495451; UtcTime=1699495451; ProcessGuid={C784477D-3E1A-654C-5A06-000000004800}; Image=C:\\Windows\\SysWOW64\\WerFault.exe}"
                                                                                             },
                                                                                             {
                                                                                                 "values":  "@{EventID=11; ProcessId=7932; Image=C:\\Windows\\SysWOW64\\WerFault.exe; RuleName=-; CreationUtcTime=1699495451; UtcTime=1699495451; ProcessGuid={C784477D-3E1B-654C-6006-000000004800}; TargetFilename=C:\\ProgramData\\Microsoft\\Windows\\WER\\Temp\\WERB9A3.tmp.dmp}"
                                                                                             },
                                                                                             {
                                                                                                 "values":  "@{EventID=11; ProcessId=6452; TargetFilename=C:\\ProgramData\\Microsoft\\Windows\\WER\\Temp\\WERBA5E.tmp.dmp; RuleName=-; CreationUtcTime=1699495451; UtcTime=1699495451; ProcessGuid={C784477D-3E1B-654C-6C06-000000004800}; Image=C:\\Windows\\SysWOW64\\WerFault.exe}"
                                                                                             },
                                                                                             {
                                                                                                 "values":  "@{EventID=11; ProcessId=7648; TargetFilename=C:\\ProgramData\\Microsoft\\Windows\\WER\\Temp\\WERBA8D.tmp.dmp; RuleName=-; CreationUtcTime=1699495451; UtcTime=1699495451; ProcessGuid={C784477D-3E1B-654C-7006-000000004800}; Image=C:\\Windows\\SysWOW64\\WerFault.exe}"
                                                                                             },
                                                                                             {
                                                                                                 "values":  "@{EventID=11; ProcessId=6672; Image=C:\\Windows\\SysWOW64\\WerFault.exe; ProcessGuid={C784477D-3E70-654C-8C06-000000004800}; CreationUtcTime=1699495536; UtcTime=1699495536; RuleName=-; TargetFilename=C:\\ProgramData\\Microsoft\\Windows\\WER\\Temp\\WER6E3.tmp.dmp}"
                                                                                             },
                                                                                             {
                                                                                                 "values":  "@{EventID=11; ProcessId=7284; Image=C:\\Windows\\SysWOW64\\WerFault.exe; RuleName=-; CreationUtcTime=1699495536; UtcTime=1699495536; ProcessGuid={C784477D-3E70-654C-9106-000000004800}; TargetFilename=C:\\ProgramData\\Microsoft\\Windows\\WER\\Temp\\WER722.tmp.dmp}"
                                                                                             },
                                                                                             {
                                                                                                 "values":  "@{EventID=11; ProcessId=7492; TargetFilename=C:\\ProgramData\\Microsoft\\Windows\\WER\\Temp\\WER770.tmp.dmp; RuleName=-; CreationUtcTime=1699495536; UtcTime=1699495536; ProcessGuid={C784477D-3E70-654C-9606-000000004800}; Image=C:\\Windows\\SysWOW64\\WerFault.exe}"
                                                                                             },
                                                                                             {
                                                                                                 "values":  "@{EventID=11; ProcessId=1520; Image=C:\\Windows\\SysWOW64\\WerFault.exe; RuleName=-; CreationUtcTime=1699495539; UtcTime=1699495539; ProcessGuid={C784477D-3E72-654C-6107-000000004800}; TargetFilename=C:\\ProgramData\\Microsoft\\Windows\\WER\\Temp\\WER11E0.tmp.dmp}"
                                                                                             },
                                                                                             {
                                                                                                 "values":  "@{EventID=11; ProcessId=9588; Image=C:\\Windows\\SysWOW64\\WerFault.exe; RuleName=-; CreationUtcTime=1699495539; UtcTime=1699495539; ProcessGuid={C784477D-3E73-654C-6B07-000000004800}; TargetFilename=C:\\ProgramData\\Microsoft\\Windows\\WER\\Temp\\WER128C.tmp.dmp}"
                                                                                             },
